Added Component: Designator=D1(3.2X1.6X1.1)
Add component (AddParameter): Name = "LatestRevisionDate"; Value = "17-Jul-2002"; VariantName = "[No Variations]"
Add component (AddParameter): Name = "LatestRevisionNote"; Value = "Re-released for DXP Platform."; VariantName = "[No Variations]"
Add component (AddParameter): Name = "PackageDescription"; Value = "SM LED; 2 Flat Leads"; VariantName = "[No Variations]"
Add component (AddParameter): Name = "PackageReference"; Value = "3.2X1.6X1.1"; VariantName = "[No Variations]"
Add component (AddParameter): Name = "PackageVersion"; Value = "Feb-2002"; VariantName = "[No Variations]"
Add component (AddParameter): Name = "Published"; Value = "8-Jun-2000"; VariantName = "[No Variations]"
Add component (AddParameter): Name = "Publisher"; Value = "Altium Limited"; VariantName = "[No Variations]"
Added Component: Designator=J1(CONNFLY_DS1013-10SSIB1)
Add component (AddParameter): Name = "Availability"; Value = "Unavailable"; VariantName = "[No Variations]"
Add component (AddParameter): Name = "BuyPart"; Value = "https://www.snapeda.com/parts/DS1013-10SSIB1/Connfly/view-part/951223/?ref=eda"; VariantName = "[No Variations]"
Add component (AddParameter): Name = "MF"; Value = "Connfly"; VariantName = "[No Variations]"
Add component (AddParameter): Name = "MP"; Value = "DS1013-10SSIB1"; VariantName = "[No Variations]"
Add component (AddParameter): Name = "Package"; Value = "None"; VariantName = "[No Variations]"
Add component (AddParameter): Name = "Price"; Value = "None"; VariantName = "[No Variations]"
Add component (AddParameter): Name = "SnapEDA_Link"; Value = "https://www.snapeda.com/parts/DS1013-10SSIB1/Connfly/view-part/951223/?ref=snap"; VariantName = "[No Variations]"
Add component (AddParameter): Name = "Value"; Value = ""; VariantName = "[No Variations]"
Added Component: Designator=J2(ASSMANN_A-2004-2-4-LPS-N-R)
Add component (AddParameter): Name = "Availability"; Value = "Unavailable"; VariantName = "[No Variations]"
Add component (AddParameter): Name = "MF"; Value = "Assmann WSW"; VariantName = "[No Variations]"
Add component (AddParameter): Name = "MP"; Value = "A-2004-2-4-LPS-N-R"; VariantName = "[No Variations]"
Add component (AddParameter): Name = "Package"; Value = "None"; VariantName = "[No Variations]"
Add component (AddParameter): Name = "Price"; Value = "None"; VariantName = "[No Variations]"
Add component (AddParameter): Name = "SnapEDA_Link"; Value = "https://www.snapeda.com/parts/A-2004-2-4-LPS-N-R/Assmann%20WSW%20Components/view-part/454861/?ref=snap"; VariantName = "[No Variations]"
Add component (AddParameter): Name = "Value"; Value = ""; VariantName = "[No Variations]"
Added Component: Designator=J3(ASSMANN_A-2004-2-4-LPS-N-R)
Add component (AddParameter): Name = "Availability"; Value = "Unavailable"; VariantName = "[No Variations]"
Add component (AddParameter): Name = "MF"; Value = "Assmann WSW"; VariantName = "[No Variations]"
Add component (AddParameter): Name = "MP"; Value = "A-2004-2-4-LPS-N-R"; VariantName = "[No Variations]"
Add component (AddParameter): Name = "Package"; Value = "None"; VariantName = "[No Variations]"
Add component (AddParameter): Name = "Price"; Value = "None"; VariantName = "[No Variations]"
Add component (AddParameter): Name = "SnapEDA_Link"; Value = "https://www.snapeda.com/parts/A-2004-2-4-LPS-N-R/Assmann%20WSW%20Components/view-part/454861/?ref=snap"; VariantName = "[No Variations]"
Add component (AddParameter): Name = "Value"; Value = ""; VariantName = "[No Variations]"
Added Component: Designator=R1(Resistor 0805)
Add component (AddParameter): Name = "Value"; Value = ""; VariantName = "[No Variations]"
Added Pin To Net: NetName=485_B Pin=J1-1
Added Pin To Net: NetName=485_A Pin=J1-3
Added Pin To Net: NetName=GND_ISO Pin=J1-7
Added Pin To Net: NetName=485_B Pin=J2-1
Added Pin To Net: NetName=485_A Pin=J2-2
Added Pin To Net: NetName=GND_ISO Pin=J2-3
Added Pin To Net: NetName=GND_ISO Pin=J2-S1
Added Pin To Net: NetName=GND_ISO Pin=J2-S2
Added Pin To Net: NetName=GND_ISO Pin=J3-3
Added Pin To Net: NetName=GND_ISO Pin=J3-S1
Added Pin To Net: NetName=GND_ISO Pin=J3-S2
Added Pin To Net: NetName=+5v_RJ Pin=J1-6
Added Pin To Net: NetName=+5v_RJ Pin=J2-4
Added Pin To Net: NetName=+5v_RJ Pin=J3-4
Added Net: Name=+5v_RJ
Added Pin To Net: NetName=+24 Pin=D1-1
Added Pin To Net: NetName=+24 Pin=J1-10
Added Pin To Net: NetName=+24 Pin=J2-7
Added Pin To Net: NetName=+24 Pin=J3-7
Added Net: Name=+24
Added Pin To Net: NetName=485_A_1 Pin=J1-4
Added Pin To Net: NetName=485_A_1 Pin=J3-2
Added Net: Name=485_A_1
Added Pin To Net: NetName=485_B_1 Pin=J1-2
Added Pin To Net: NetName=485_B_1 Pin=J3-1
Added Net: Name=485_B_1
Added Pin To Net: NetName=GND_24 Pin=J1-9
Added Pin To Net: NetName=GND_24 Pin=J2-8
Added Pin To Net: NetName=GND_24 Pin=J3-8
Added Pin To Net: NetName=GND_24 Pin=R1-2
Added Net: Name=GND_24
Added Pin To Net: NetName=NetD1_2 Pin=D1-2
Added Pin To Net: NetName=NetD1_2 Pin=R1-1
Added Net: Name=NetD1_2
Added Pin To Net: NetName=NetJ2_5 Pin=J2-5
Added Pin To Net: NetName=NetJ2_5 Pin=J3-5
Added Net: Name=NetJ2_5
Added Pin To Net: NetName=NetJ2_6 Pin=J2-6
Added Pin To Net: NetName=NetJ2_6 Pin=J3-6
Added Net: Name=NetJ2_6
Added Class: Name=RJ45
